<testsuite name="Mocha Tests" tests="24" failures="0" errors="0" skipped="14" timestamp="Wed, 09 Mar 2022 15:27:26 GMT" time="435.63">
<testcase classname="Roles" name="Create role" time="0.053"/>
<testcase classname="Roles" name="Edit role" time="0.009"/>
<testcase classname="Roles" name="Delete role" time="0.007"/>
<testcase classname="Roles" name="Add columns" time="39.196"/>
<testcase classname="Roles" name="Remove columns" time="25.907"/>
<testcase classname="Roles" name="Search role" time="33.468"/>
<testcase classname="Roles" name="Pagination" time="55.097"/>
<testcase classname="Roles" name="Rows Per Page" time="80.841"/>
<testcase classname="Roles" name="Sorting and pagination" time="0.074"/>
<testcase classname="Roles" name="Search and pagination" time="0.005"/>
<testcase classname="Roles" name="Sorting" time="66.379"/>
<testcase classname="Roles" name="First page pagination" time="0.044"/>
<testcase classname="Roles" name="Last page pagination" time="0.005"/>
<testcase classname="Roles" name="Next page pagination" time="0.006"/>
<testcase classname="Roles" name="Previous page pagination" time="0.004"/>
<testcase classname="Roles" name="Cancel create role" time="0.004"/>
<testcase classname="Roles" name="Create role as empty" time="36.547"/>
<testcase classname="Roles" name="Create role with more than maximum characters" time="31.722"/>
<testcase classname="Roles" name="Create role with less than minimum characters" time="34.791"/>
<testcase classname="Roles" name="Create role with special characters" time="30.669"/>
<testcase classname="Roles" name="Create duplicate role" time="0.067"/>
<testcase classname="Roles" name="Clear permissions role" time="0.004"/>
<testcase classname="Roles" name="Copy from role edition" time="0.01"/>
<testcase classname="Roles" name="Reset permissions role" time="0.009"/>
</testsuite>
